# JRE version: OpenJDK Runtime Environment (8.0_202-b03) (build 1.8.0_202-release-1483-b03)
# Java VM: OpenJDK 64-Bit Server VM (25.202-b03 mixed mode windows-amd64 compressed oops)
Heap:
 PSYoungGen      total 333312K, used 114914K [0x00000000e0000000, 0x00000000faf80000, 0x0000000100000000)
  eden space 293376K, 31% used [0x00000000e0000000,0x00000000e5a5fce8,0x00000000f1e80000)
  from space 39936K, 56% used [0x00000000f1e80000,0x00000000f3458ca0,0x00000000f4580000)
  to   space 47616K, 0% used [0x00000000f8100000,0x00000000f8100000,0x00000000faf80000)
 ParOldGen       total 163328K, used 126715K [0x00000000a0000000, 0x00000000a9f80000, 0x00000000e0000000)
  object space 163328K, 77% used [0x00000000a0000000,0x00000000a7bbee50,0x00000000a9f80000)
 Metaspace       used 106066K, capacity 111484K, committed 111768K, reserved 1146880K
  class space    used 13375K, capacity 14431K, committed 14504K, reserved 1048576K
GC Heap History (10 events):
Event: 7670.970 GC heap before
{Heap before GC invocations=37 (full 4):
 PSYoungGen      total 333824K, used 322992K [0x00000000e0000000, 0x00000000f9c80000, 0x0000000100000000)
  eden space 293376K, 100% used [0x00000000e0000000,0x00000000f1e80000,0x00000000f1e80000)
  from space 40448K, 73% used [0x00000000f7500000,0x00000000f91ec130,0x00000000f9c80000)
  to   space 39936K, 0% used [0x00000000f1e80000,0x00000000f1e80000,0x00000000f4580000)
 ParOldGen       total 163328K, used 85097K [0x00000000a0000000, 0x00000000a9f80000, 0x00000000e0000000)
  object space 163328K, 52% used [0x00000000a0000000,0x00000000a531a408,0x00000000a9f80000)
 Metaspace       used 105957K, capacity 111326K, committed 111512K, reserved 1146880K
  class space    used 13368K, capacity 14426K, committed 14504K, reserved 1048576K
Event: 7671.003 GC heap after
Heap after GC invocations=37 (full 4):
 PSYoungGen      total 333312K, used 14565K [0x00000000e0000000, 0x00000000f9c80000, 0x0000000100000000)
  eden space 293376K, 0% used [0x00000000e0000000,0x00000000e0000000,0x00000000f1e80000)
  from space 39936K, 36% used [0x00000000f1e80000,0x00000000f2cb9418,0x00000000f4580000)
  to   space 40448K, 0% used [0x00000000f7500000,0x00000000f7500000,0x00000000f9c80000)
 ParOldGen       total 163328K, used 98536K [0x00000000a0000000, 0x00000000a9f80000, 0x00000000e0000000)
  object space 163328K, 60% used [0x00000000a0000000,0x00000000a603a348,0x00000000a9f80000)
 Metaspace       used 105957K, capacity 111326K, committed 111512K, reserved 1146880K
  class space    used 13368K, capacity 14426K, committed 14504K, reserved 1048576K
}
Event: 7671.314 GC heap before
{Heap before GC invocations=38 (full 4):
 PSYoungGen      total 333312K, used 307941K [0x00000000e0000000, 0x00000000f9c80000, 0x0000000100000000)
  eden space 293376K, 100% used [0x00000000e0000000,0x00000000f1e80000,0x00000000f1e80000)
  from space 39936K, 36% used [0x00000000f1e80000,0x00000000f2cb9418,0x00000000f4580000)
  to   space 40448K, 0% used [0x00000000f7500000,0x00000000f7500000,0x00000000f9c80000)
 ParOldGen       total 163328K, used 98536K [0x00000000a0000000, 0x00000000a9f80000, 0x00000000e0000000)
  object space 163328K, 60% used [0x00000000a0000000,0x00000000a603a348,0x00000000a9f80000)
 Metaspace       used 106004K, capacity 111420K, committed 111512K, reserved 1146880K
  class space    used 13373K, capacity 14431K, committed 14504K, reserved 1048576K
Event: 7671.333 GC heap after
Heap after GC invocations=38 (full 4):
 PSYoungGen      total 333824K, used 13800K [0x00000000e0000000, 0x00000000f9c80000, 0x0000000100000000)
  eden space 293376K, 0% used [0x00000000e0000000,0x00000000e0000000,0x00000000f1e80000)
  from space 40448K, 34% used [0x00000000f7500000,0x00000000f827a1a8,0x00000000f9c80000)
  to   space 39936K, 0% used [0x00000000f1e80000,0x00000000f1e80000,0x00000000f4580000)
 ParOldGen       total 163328K, used 106094K [0x00000000a0000000, 0x00000000a9f80000, 0x00000000e0000000)
  object space 163328K, 64% used [0x00000000a0000000,0x00000000a679b9f0,0x00000000a9f80000)
 Metaspace       used 106004K, capacity 111420K, committed 111512K, reserved 1146880K
  class space    used 13373K, capacity 14431K, committed 14504K, reserved 1048576K
}
Event: 7671.649 GC heap before
{Heap before GC invocations=39 (full 4):
 PSYoungGen      total 333824K, used 307176K [0x00000000e0000000, 0x00000000f9c80000, 0x0000000100000000)
  eden space 293376K, 100% used [0x00000000e0000000,0x00000000f1e80000,0x00000000f1e80000)
  from space 40448K, 34% used [0x00000000f7500000,0x00000000f827a1a8,0x00000000f9c80000)
  to   space 39936K, 0% used [0x00000000f1e80000,0x00000000f1e80000,0x00000000f4580000)
 ParOldGen       total 163328K, used 106094K [0x00000000a0000000, 0x00000000a9f80000, 0x00000000e0000000)
  object space 163328K, 64% used [0x00000000a0000000,0x00000000a679b9f0,0x00000000a9f80000)
 Metaspace       used 106025K, capacity 111420K, committed 111512K, reserved 1146880K
  class space    used 13375K, capacity 14431K, committed 14504K, reserved 1048576K
Event: 7671.666 GC heap after
Heap after GC invocations=39 (full 4):
 PSYoungGen      total 333312K, used 10192K [0x00000000e0000000, 0x00000000f9c80000, 0x0000000100000000)
  eden space 293376K, 0% used [0x00000000e0000000,0x00000000e0000000,0x00000000f1e80000)
  from space 39936K, 25% used [0x00000000f1e80000,0x00000000f2874010,0x00000000f4580000)
  to   space 40448K, 0% used [0x00000000f7500000,0x00000000f7500000,0x00000000f9c80000)
 ParOldGen       total 163328K, used 112590K [0x00000000a0000000, 0x00000000a9f80000, 0x00000000e0000000)
  object space 163328K, 68% used [0x00000000a0000000,0x00000000a6df3a20,0x00000000a9f80000)
 Metaspace       used 106025K, capacity 111420K, committed 111512K, reserved 1146880K
  class space    used 13375K, capacity 14431K, committed 14504K, reserved 1048576K
}
Event: 7671.975 GC heap before
{Heap before GC invocations=40 (full 4):
 PSYoungGen      total 333312K, used 303568K [0x00000000e0000000, 0x00000000f9c80000, 0x0000000100000000)
  eden space 293376K, 100% used [0x00000000e0000000,0x00000000f1e80000,0x00000000f1e80000)
  from space 39936K, 25% used [0x00000000f1e80000,0x00000000f2874010,0x00000000f4580000)
  to   space 40448K, 0% used [0x00000000f7500000,0x00000000f7500000,0x00000000f9c80000)
 ParOldGen       total 163328K, used 112590K [0x00000000a0000000, 0x00000000a9f80000, 0x00000000e0000000)
  object space 163328K, 68% used [0x00000000a0000000,0x00000000a6df3a20,0x00000000a9f80000)
 Metaspace       used 106041K, capacity 111420K, committed 111512K, reserved 1146880K
  class space    used 13375K, capacity 14431K, committed 14504K, reserved 1048576K
Event: 7671.992 GC heap after
Heap after GC invocations=40 (full 4):
 PSYoungGen      total 333824K, used 6208K [0x00000000e0000000, 0x00000000f9c80000, 0x0000000100000000)
  eden space 293376K, 0% used [0x00000000e0000000,0x00000000e0000000,0x00000000f1e80000)
  from space 40448K, 15% used [0x00000000f7500000,0x00000000f7b10020,0x00000000f9c80000)
  to   space 39936K, 0% used [0x00000000f1e80000,0x00000000f1e80000,0x00000000f4580000)
 ParOldGen       total 163328K, used 121987K [0x00000000a0000000, 0x00000000a9f80000, 0x00000000e0000000)
  object space 163328K, 74% used [0x00000000a0000000,0x00000000a7720e30,0x00000000a9f80000)
 Metaspace       used 106041K, capacity 111420K, committed 111512K, reserved 1146880K
  class space    used 13375K, capacity 14431K, committed 14504K, reserved 1048576K
}
Event: 7672.770 GC heap before
{Heap before GC invocations=41 (full 4):
 PSYoungGen      total 333824K, used 299584K [0x00000000e0000000, 0x00000000f9c80000, 0x0000000100000000)
  eden space 293376K, 100% used [0x00000000e0000000,0x00000000f1e80000,0x00000000f1e80000)
  from space 40448K, 15% used [0x00000000f7500000,0x00000000f7b10020,0x00000000f9c80000)
  to   space 39936K, 0% used [0x00000000f1e80000,0x00000000f1e80000,0x00000000f4580000)
 ParOldGen       total 163328K, used 121987K [0x00000000a0000000, 0x00000000a9f80000, 0x00000000e0000000)
  object space 163328K, 74% used [0x00000000a0000000,0x00000000a7720e30,0x00000000a9f80000)
 Metaspace       used 106059K, capacity 111484K, committed 111768K, reserved 1146880K
  class space    used 13375K, capacity 14431K, committed 14504K, reserved 1048576K
Event: 7672.791 GC heap after
Heap after GC invocations=41 (full 4):
 PSYoungGen      total 333312K, used 22371K [0x00000000e0000000, 0x00000000faf80000, 0x0000000100000000)
  eden space 293376K, 0% used [0x00000000e0000000,0x00000000e0000000,0x00000000f1e80000)
  from space 39936K, 56% used [0x00000000f1e80000,0x00000000f3458ca0,0x00000000f4580000)
  to   space 47616K, 0% used [0x00000000f8100000,0x00000000f8100000,0x00000000faf80000)
 ParOldGen       total 163328K, used 126715K [0x00000000a0000000, 0x00000000a9f80000, 0x00000000e0000000)
  object space 163328K, 77% used [0x00000000a0000000,0x00000000a7bbee50,0x00000000a9f80000)
 Metaspace       used 106059K, capacity 111484K, committed 111768K, reserved 1146880K
  class space    used 13375K, capacity 14431K, committed 14504K, reserved 1048576K
}

