# JRE version: OpenJDK Runtime Environment (8.0_202-b03) (build 1.8.0_202-release-1483-b03)
# Java VM: OpenJDK 64-Bit Server VM (25.202-b03 mixed mode windows-amd64 compressed oops)
Heap:
 PSYoungGen      total 449024K, used 132310K [0x00000000e0000000, 0x00000000ff000000, 0x0000000100000000)
  eden space 389632K, 25% used [0x00000000e0000000,0x00000000e60d0770,0x00000000f7c80000)
  from space 59392K, 55% used [0x00000000fb600000,0x00000000fd665188,0x00000000ff000000)
  to   space 58880K, 0% used [0x00000000f7c80000,0x00000000f7c80000,0x00000000fb600000)
 ParOldGen       total 264192K, used 101555K [0x00000000a0000000, 0x00000000b0200000, 0x00000000e0000000)
  object space 264192K, 38% used [0x00000000a0000000,0x00000000a632cf20,0x00000000b0200000)
 Metaspace       used 101034K, capacity 105128K, committed 105344K, reserved 1140736K
  class space    used 12832K, capacity 13629K, committed 13696K, reserved 1048576K
GC Heap History (10 events):
Event: 30.571 GC heap before
{Heap before GC invocations=24 (full 4):
 PSYoungGen      total 352256K, used 289792K [0x00000000e0000000, 0x00000000fcd00000, 0x0000000100000000)
  eden space 289792K, 100% used [0x00000000e0000000,0x00000000f1b00000,0x00000000f1b00000)
  from space 62464K, 0% used [0x00000000f1b00000,0x00000000f1b00000,0x00000000f5800000)
  to   space 68096K, 0% used [0x00000000f8a80000,0x00000000f8a80000,0x00000000fcd00000)
 ParOldGen       total 264192K, used 101515K [0x00000000a0000000, 0x00000000b0200000, 0x00000000e0000000)
  object space 264192K, 38% used [0x00000000a0000000,0x00000000a6322f20,0x00000000b0200000)
 Metaspace       used 99154K, capacity 103028K, committed 103168K, reserved 1138688K
  class space    used 12715K, capacity 13489K, committed 13568K, reserved 1048576K
Event: 30.585 GC heap after
Heap after GC invocations=24 (full 4):
 PSYoungGen      total 404480K, used 7655K [0x00000000e0000000, 0x00000000fcd00000, 0x0000000100000000)
  eden space 336384K, 0% used [0x00000000e0000000,0x00000000e0000000,0x00000000f4880000)
  from space 68096K, 11% used [0x00000000f8a80000,0x00000000f91f9e20,0x00000000fcd00000)
  to   space 67584K, 0% used [0x00000000f4880000,0x00000000f4880000,0x00000000f8a80000)
 ParOldGen       total 264192K, used 101523K [0x00000000a0000000, 0x00000000b0200000, 0x00000000e0000000)
  object space 264192K, 38% used [0x00000000a0000000,0x00000000a6324f20,0x00000000b0200000)
 Metaspace       used 99154K, capacity 103028K, committed 103168K, reserved 1138688K
  class space    used 12715K, capacity 13489K, committed 13568K, reserved 1048576K
}
Event: 31.295 GC heap before
{Heap before GC invocations=25 (full 4):
 PSYoungGen      total 404480K, used 344039K [0x00000000e0000000, 0x00000000fcd00000, 0x0000000100000000)
  eden space 336384K, 100% used [0x00000000e0000000,0x00000000f4880000,0x00000000f4880000)
  from space 68096K, 11% used [0x00000000f8a80000,0x00000000f91f9e20,0x00000000fcd00000)
  to   space 67584K, 0% used [0x00000000f4880000,0x00000000f4880000,0x00000000f8a80000)
 ParOldGen       total 264192K, used 101523K [0x00000000a0000000, 0x00000000b0200000, 0x00000000e0000000)
  object space 264192K, 38% used [0x00000000a0000000,0x00000000a6324f20,0x00000000b0200000)
 Metaspace       used 99503K, capacity 103386K, committed 103424K, reserved 1138688K
  class space    used 12755K, capacity 13532K, committed 13568K, reserved 1048576K
Event: 31.320 GC heap after
Heap after GC invocations=25 (full 4):
 PSYoungGen      total 403968K, used 30132K [0x00000000e0000000, 0x00000000fcd00000, 0x0000000100000000)
  eden space 336384K, 0% used [0x00000000e0000000,0x00000000e0000000,0x00000000f4880000)
  from space 67584K, 44% used [0x00000000f4880000,0x00000000f65ed2c8,0x00000000f8a80000)
  to   space 68096K, 0% used [0x00000000f8a80000,0x00000000f8a80000,0x00000000fcd00000)
 ParOldGen       total 264192K, used 101531K [0x00000000a0000000, 0x00000000b0200000, 0x00000000e0000000)
  object space 264192K, 38% used [0x00000000a0000000,0x00000000a6326f20,0x00000000b0200000)
 Metaspace       used 99503K, capacity 103386K, committed 103424K, reserved 1138688K
  class space    used 12755K, capacity 13532K, committed 13568K, reserved 1048576K
}
Event: 32.036 GC heap before
{Heap before GC invocations=26 (full 4):
 PSYoungGen      total 403968K, used 366516K [0x00000000e0000000, 0x00000000fcd00000, 0x0000000100000000)
  eden space 336384K, 100% used [0x00000000e0000000,0x00000000f4880000,0x00000000f4880000)
  from space 67584K, 44% used [0x00000000f4880000,0x00000000f65ed2c8,0x00000000f8a80000)
  to   space 68096K, 0% used [0x00000000f8a80000,0x00000000f8a80000,0x00000000fcd00000)
 ParOldGen       total 264192K, used 101531K [0x00000000a0000000, 0x00000000b0200000, 0x00000000e0000000)
  object space 264192K, 38% used [0x00000000a0000000,0x00000000a6326f20,0x00000000b0200000)
 Metaspace       used 99913K, capacity 103956K, committed 104320K, reserved 1140736K
  class space    used 12773K, capacity 13573K, committed 13696K, reserved 1048576K
Event: 32.057 GC heap after
Heap after GC invocations=26 (full 4):
 PSYoungGen      total 404480K, used 22210K [0x00000000e0000000, 0x00000000fcd00000, 0x0000000100000000)
  eden space 336384K, 0% used [0x00000000e0000000,0x00000000e0000000,0x00000000f4880000)
  from space 68096K, 32% used [0x00000000f8a80000,0x00000000fa030860,0x00000000fcd00000)
  to   space 67584K, 0% used [0x00000000f4880000,0x00000000f4880000,0x00000000f8a80000)
 ParOldGen       total 264192K, used 101539K [0x00000000a0000000, 0x00000000b0200000, 0x00000000e0000000)
  object space 264192K, 38% used [0x00000000a0000000,0x00000000a6328f20,0x00000000b0200000)
 Metaspace       used 99913K, capacity 103956K, committed 104320K, reserved 1140736K
  class space    used 12773K, capacity 13573K, committed 13696K, reserved 1048576K
}
Event: 32.538 GC heap before
{Heap before GC invocations=27 (full 4):
 PSYoungGen      total 404480K, used 358594K [0x00000000e0000000, 0x00000000fcd00000, 0x0000000100000000)
  eden space 336384K, 100% used [0x00000000e0000000,0x00000000f4880000,0x00000000f4880000)
  from space 68096K, 32% used [0x00000000f8a80000,0x00000000fa030860,0x00000000fcd00000)
  to   space 67584K, 0% used [0x00000000f4880000,0x00000000f4880000,0x00000000f8a80000)
 ParOldGen       total 264192K, used 101539K [0x00000000a0000000, 0x00000000b0200000, 0x00000000e0000000)
  object space 264192K, 38% used [0x00000000a0000000,0x00000000a6328f20,0x00000000b0200000)
 Metaspace       used 100259K, capacity 104314K, committed 104576K, reserved 1140736K
  class space    used 12774K, capacity 13574K, committed 13696K, reserved 1048576K
Event: 32.553 GC heap after
Heap after GC invocations=27 (full 4):
 PSYoungGen      total 403968K, used 19446K [0x00000000e0000000, 0x00000000ff080000, 0x0000000100000000)
  eden space 336384K, 0% used [0x00000000e0000000,0x00000000e0000000,0x00000000f4880000)
  from space 67584K, 28% used [0x00000000f4880000,0x00000000f5b7d958,0x00000000f8a80000)
  to   space 59904K, 0% used [0x00000000fb600000,0x00000000fb600000,0x00000000ff080000)
 ParOldGen       total 264192K, used 101547K [0x00000000a0000000, 0x00000000b0200000, 0x00000000e0000000)
  object space 264192K, 38% used [0x00000000a0000000,0x00000000a632af20,0x00000000b0200000)
 Metaspace       used 100259K, capacity 104314K, committed 104576K, reserved 1140736K
  class space    used 12774K, capacity 13574K, committed 13696K, reserved 1048576K
}
Event: 33.564 GC heap before
{Heap before GC invocations=28 (full 4):
 PSYoungGen      total 403968K, used 355821K [0x00000000e0000000, 0x00000000ff080000, 0x0000000100000000)
  eden space 336384K, 99% used [0x00000000e0000000,0x00000000f487db38,0x00000000f4880000)
  from space 67584K, 28% used [0x00000000f4880000,0x00000000f5b7d958,0x00000000f8a80000)
  to   space 59904K, 0% used [0x00000000fb600000,0x00000000fb600000,0x00000000ff080000)
 ParOldGen       total 264192K, used 101547K [0x00000000a0000000, 0x00000000b0200000, 0x00000000e0000000)
  object space 264192K, 38% used [0x00000000a0000000,0x00000000a632af20,0x00000000b0200000)
 Metaspace       used 100715K, capacity 104664K, committed 104832K, reserved 1140736K
  class space    used 12803K, capacity 13579K, committed 13696K, reserved 1048576K
Event: 33.585 GC heap after
Heap after GC invocations=28 (full 4):
 PSYoungGen      total 449024K, used 33172K [0x00000000e0000000, 0x00000000ff000000, 0x0000000100000000)
  eden space 389632K, 0% used [0x00000000e0000000,0x00000000e0000000,0x00000000f7c80000)
  from space 59392K, 55% used [0x00000000fb600000,0x00000000fd665188,0x00000000ff000000)
  to   space 58880K, 0% used [0x00000000f7c80000,0x00000000f7c80000,0x00000000fb600000)
 ParOldGen       total 264192K, used 101555K [0x00000000a0000000, 0x00000000b0200000, 0x00000000e0000000)
  object space 264192K, 38% used [0x00000000a0000000,0x00000000a632cf20,0x00000000b0200000)
 Metaspace       used 100715K, capacity 104664K, committed 104832K, reserved 1140736K
  class space    used 12803K, capacity 13579K, committed 13696K, reserved 1048576K
}

