# JRE version: OpenJDK Runtime Environment (8.0_202-b03) (build 1.8.0_202-release-1483-b03)
# Java VM: OpenJDK 64-Bit Server VM (25.202-b03 mixed mode windows-amd64 compressed oops)
Heap:
 PSYoungGen      total 375296K, used 357950K [0x00000000e0000000, 0x00000000fde00000, 0x0000000100000000)
  eden space 312320K, 100% used [0x00000000e0000000,0x00000000f3100000,0x00000000f3100000)
  from space 62976K, 72% used [0x00000000f3100000,0x00000000f5d8fb38,0x00000000f6e80000)
  to   space 66048K, 41% used [0x00000000f9d80000,0x00000000fb852438,0x00000000fde00000)
 ParOldGen       total 206336K, used 80089K [0x00000000a0000000, 0x00000000ac980000, 0x00000000e0000000)
  object space 206336K, 38% used [0x00000000a0000000,0x00000000a4e36490,0x00000000ac980000)
 Metaspace       used 106934K, capacity 113862K, committed 114072K, reserved 1148928K
  class space    used 13459K, capacity 14672K, committed 14760K, reserved 1048576K
GC Heap History (10 events):
Event: 9478.361 GC heap after
Heap after GC invocations=56 (full 5):
 PSYoungGen      total 339456K, used 18879K [0x00000000e0000000, 0x00000000f9a00000, 0x0000000100000000)
  eden space 268288K, 0% used [0x00000000e0000000,0x00000000e0000000,0x00000000f0600000)
  from space 71168K, 26% used [0x00000000f0600000,0x00000000f186ff78,0x00000000f4b80000)
  to   space 68096K, 0% used [0x00000000f5780000,0x00000000f5780000,0x00000000f9a00000)
 ParOldGen       total 206336K, used 80073K [0x00000000a0000000, 0x00000000ac980000, 0x00000000e0000000)
  object space 206336K, 38% used [0x00000000a0000000,0x00000000a4e32490,0x00000000ac980000)
 Metaspace       used 105653K, capacity 112522K, committed 112792K, reserved 1146880K
  class space    used 13315K, capacity 14494K, committed 14504K, reserved 1048576K
}
Event: 9479.231 GC heap before
{Heap before GC invocations=57 (full 5):
 PSYoungGen      total 339456K, used 287167K [0x00000000e0000000, 0x00000000f9a00000, 0x0000000100000000)
  eden space 268288K, 100% used [0x00000000e0000000,0x00000000f0600000,0x00000000f0600000)
  from space 71168K, 26% used [0x00000000f0600000,0x00000000f186ff78,0x00000000f4b80000)
  to   space 68096K, 0% used [0x00000000f5780000,0x00000000f5780000,0x00000000f9a00000)
 ParOldGen       total 206336K, used 80073K [0x00000000a0000000, 0x00000000ac980000, 0x00000000e0000000)
  object space 206336K, 38% used [0x00000000a0000000,0x00000000a4e32490,0x00000000ac980000)
 Metaspace       used 105965K, capacity 112810K, committed 113176K, reserved 1148928K
  class space    used 13337K, capacity 14526K, committed 14632K, reserved 1048576K
Event: 9479.259 GC heap after
Heap after GC invocations=57 (full 5):
 PSYoungGen      total 353280K, used 26654K [0x00000000e0000000, 0x00000000f9780000, 0x0000000100000000)
  eden space 287744K, 0% used [0x00000000e0000000,0x00000000e0000000,0x00000000f1900000)
  from space 65536K, 40% used [0x00000000f5780000,0x00000000f7187860,0x00000000f9780000)
  to   space 64000K, 0% used [0x00000000f1900000,0x00000000f1900000,0x00000000f5780000)
 ParOldGen       total 206336K, used 80081K [0x00000000a0000000, 0x00000000ac980000, 0x00000000e0000000)
  object space 206336K, 38% used [0x00000000a0000000,0x00000000a4e34490,0x00000000ac980000)
 Metaspace       used 105965K, capacity 112810K, committed 113176K, reserved 1148928K
  class space    used 13337K, capacity 14526K, committed 14632K, reserved 1048576K
}
Event: 9480.630 GC heap before
{Heap before GC invocations=58 (full 5):
 PSYoungGen      total 353280K, used 314398K [0x00000000e0000000, 0x00000000f9780000, 0x0000000100000000)
  eden space 287744K, 100% used [0x00000000e0000000,0x00000000f1900000,0x00000000f1900000)
  from space 65536K, 40% used [0x00000000f5780000,0x00000000f7187860,0x00000000f9780000)
  to   space 64000K, 0% used [0x00000000f1900000,0x00000000f1900000,0x00000000f5780000)
 ParOldGen       total 206336K, used 80081K [0x00000000a0000000, 0x00000000ac980000, 0x00000000e0000000)
  object space 206336K, 38% used [0x00000000a0000000,0x00000000a4e34490,0x00000000ac980000)
 Metaspace       used 106323K, capacity 113172K, committed 113432K, reserved 1148928K
  class space    used 13378K, capacity 14571K, committed 14632K, reserved 1048576K
Event: 9480.661 GC heap after
Heap after GC invocations=58 (full 5):
 PSYoungGen      total 351744K, used 34830K [0x00000000e0000000, 0x00000000fac80000, 0x0000000100000000)
  eden space 287744K, 0% used [0x00000000e0000000,0x00000000e0000000,0x00000000f1900000)
  from space 64000K, 54% used [0x00000000f1900000,0x00000000f3b03ae8,0x00000000f5780000)
  to   space 63488K, 0% used [0x00000000f6e80000,0x00000000f6e80000,0x00000000fac80000)
 ParOldGen       total 206336K, used 80089K [0x00000000a0000000, 0x00000000ac980000, 0x00000000e0000000)
  object space 206336K, 38% used [0x00000000a0000000,0x00000000a4e36490,0x00000000ac980000)
 Metaspace       used 106323K, capacity 113172K, committed 113432K, reserved 1148928K
  class space    used 13378K, capacity 14571K, committed 14632K, reserved 1048576K
}
Event: 9480.931 GC heap before
{Heap before GC invocations=59 (full 5):
 PSYoungGen      total 351744K, used 322574K [0x00000000e0000000, 0x00000000fac80000, 0x0000000100000000)
  eden space 287744K, 100% used [0x00000000e0000000,0x00000000f1900000,0x00000000f1900000)
  from space 64000K, 54% used [0x00000000f1900000,0x00000000f3b03ae8,0x00000000f5780000)
  to   space 63488K, 0% used [0x00000000f6e80000,0x00000000f6e80000,0x00000000fac80000)
 ParOldGen       total 206336K, used 80089K [0x00000000a0000000, 0x00000000ac980000, 0x00000000e0000000)
  object space 206336K, 38% used [0x00000000a0000000,0x00000000a4e36490,0x00000000ac980000)
 Metaspace       used 106604K, capacity 113460K, committed 113688K, reserved 1148928K
  class space    used 13431K, capacity 14619K, committed 14632K, reserved 1048576K
Event: 9480.967 GC heap after
Heap after GC invocations=59 (full 5):
 PSYoungGen      total 375808K, used 35377K [0x00000000e0000000, 0x00000000fb900000, 0x0000000100000000)
  eden space 312320K, 0% used [0x00000000e0000000,0x00000000e0000000,0x00000000f3100000)
  from space 63488K, 55% used [0x00000000f6e80000,0x00000000f910c648,0x00000000fac80000)
  to   space 62976K, 0% used [0x00000000f3100000,0x00000000f3100000,0x00000000f6e80000)
 ParOldGen       total 206336K, used 80089K [0x00000000a0000000, 0x00000000ac980000, 0x00000000e0000000)
  object space 206336K, 38% used [0x00000000a0000000,0x00000000a4e36490,0x00000000ac980000)
 Metaspace       used 106604K, capacity 113460K, committed 113688K, reserved 1148928K
  class space    used 13431K, capacity 14619K, committed 14632K, reserved 1048576K
}
Event: 9481.278 GC heap before
{Heap before GC invocations=60 (full 5):
 PSYoungGen      total 375808K, used 347697K [0x00000000e0000000, 0x00000000fb900000, 0x0000000100000000)
  eden space 312320K, 100% used [0x00000000e0000000,0x00000000f3100000,0x00000000f3100000)
  from space 63488K, 55% used [0x00000000f6e80000,0x00000000f910c648,0x00000000fac80000)
  to   space 62976K, 0% used [0x00000000f3100000,0x00000000f3100000,0x00000000f6e80000)
 ParOldGen       total 206336K, used 80089K [0x00000000a0000000, 0x00000000ac980000, 0x00000000e0000000)
  object space 206336K, 38% used [0x00000000a0000000,0x00000000a4e36490,0x00000000ac980000)
 Metaspace       used 106735K, capacity 113572K, committed 113688K, reserved 1148928K
  class space    used 13447K, capacity 14631K, committed 14632K, reserved 1048576K
Event: 9481.311 GC heap after
Heap after GC invocations=60 (full 5):
 PSYoungGen      total 375296K, used 45630K [0x00000000e0000000, 0x00000000fde00000, 0x0000000100000000)
  eden space 312320K, 0% used [0x00000000e0000000,0x00000000e0000000,0x00000000f3100000)
  from space 62976K, 72% used [0x00000000f3100000,0x00000000f5d8fb38,0x00000000f6e80000)
  to   space 66048K, 0% used [0x00000000f9d80000,0x00000000f9d80000,0x00000000fde00000)
 ParOldGen       total 206336K, used 80089K [0x00000000a0000000, 0x00000000ac980000, 0x00000000e0000000)
  object space 206336K, 38% used [0x00000000a0000000,0x00000000a4e36490,0x00000000ac980000)
 Metaspace       used 106735K, capacity 113572K, committed 113688K, reserved 1148928K
  class space    used 13447K, capacity 14631K, committed 14632K, reserved 1048576K
}
Event: 9481.829 GC heap before
{Heap before GC invocations=61 (full 5):
 PSYoungGen      total 375296K, used 357950K [0x00000000e0000000, 0x00000000fde00000, 0x0000000100000000)
  eden space 312320K, 100% used [0x00000000e0000000,0x00000000f3100000,0x00000000f3100000)
  from space 62976K, 72% used [0x00000000f3100000,0x00000000f5d8fb38,0x00000000f6e80000)
  to   space 66048K, 0% used [0x00000000f9d80000,0x00000000f9d80000,0x00000000fde00000)
 ParOldGen       total 206336K, used 80089K [0x00000000a0000000, 0x00000000ac980000, 0x00000000e0000000)
  object space 206336K, 38% used [0x00000000a0000000,0x00000000a4e36490,0x00000000ac980000)
 Metaspace       used 106934K, capacity 113862K, committed 114072K, reserved 1148928K
  class space    used 13459K, capacity 14672K, committed 14760K, reserved 1048576K

