# JRE version: OpenJDK Runtime Environment (8.0_202-b03) (build 1.8.0_202-release-1483-b03)
# Java VM: OpenJDK 64-Bit Server VM (25.202-b03 mixed mode windows-amd64 compressed oops)
Heap:
 PSYoungGen      total 495104K, used 418627K [0x00000000e0000000, 0x0000000100000000, 0x0000000100000000)
  eden space 467456K, 85% used [0x00000000e0000000,0x00000000f86b9060,0x00000000fc880000)
  from space 27648K, 67% used [0x00000000fc880000,0x00000000fda97d00,0x00000000fe380000)
  to   space 28160K, 0% used [0x00000000fe480000,0x00000000fe480000,0x0000000100000000)
 ParOldGen       total 247808K, used 169695K [0x00000000a0000000, 0x00000000af200000, 0x00000000e0000000)
  object space 247808K, 68% used [0x00000000a0000000,0x00000000aa5b7e58,0x00000000af200000)
 Metaspace       used 78019K, capacity 81126K, committed 81816K, reserved 1120256K
  class space    used 10079K, capacity 10716K, committed 10920K, reserved 1048576K
GC Heap History (10 events):
Event: 14.182 GC heap before
{Heap before GC invocations=29 (full 4):
 PSYoungGen      total 489984K, used 466096K [0x00000000e0000000, 0x00000000ffe80000, 0x0000000100000000)
  eden space 459776K, 100% used [0x00000000e0000000,0x00000000fc100000,0x00000000fc100000)
  from space 30208K, 20% used [0x00000000fde80000,0x00000000fe4ac050,0x00000000ffc00000)
  to   space 30208K, 0% used [0x00000000fc100000,0x00000000fc100000,0x00000000fde80000)
 ParOldGen       total 247808K, used 142578K [0x00000000a0000000, 0x00000000af200000, 0x00000000e0000000)
  object space 247808K, 57% used [0x00000000a0000000,0x00000000a8b3c998,0x00000000af200000)
 Metaspace       used 71900K, capacity 74746K, committed 76056K, reserved 1114112K
  class space    used 9584K, capacity 10198K, committed 10536K, reserved 1048576K
Event: 14.206 GC heap after
Heap after GC invocations=29 (full 4):
 PSYoungGen      total 489984K, used 18012K [0x00000000e0000000, 0x00000000fff00000, 0x0000000100000000)
  eden space 459776K, 0% used [0x00000000e0000000,0x00000000e0000000,0x00000000fc100000)
  from space 30208K, 59% used [0x00000000fc100000,0x00000000fd297088,0x00000000fde80000)
  to   space 29696K, 0% used [0x00000000fe200000,0x00000000fe200000,0x00000000fff00000)
 ParOldGen       total 247808K, used 148334K [0x00000000a0000000, 0x00000000af200000, 0x00000000e0000000)
  object space 247808K, 59% used [0x00000000a0000000,0x00000000a90dba18,0x00000000af200000)
 Metaspace       used 71900K, capacity 74746K, committed 76056K, reserved 1114112K
  class space    used 9584K, capacity 10198K, committed 10536K, reserved 1048576K
}
Event: 14.717 GC heap before
{Heap before GC invocations=30 (full 4):
 PSYoungGen      total 489984K, used 477788K [0x00000000e0000000, 0x00000000fff00000, 0x0000000100000000)
  eden space 459776K, 100% used [0x00000000e0000000,0x00000000fc100000,0x00000000fc100000)
  from space 30208K, 59% used [0x00000000fc100000,0x00000000fd297088,0x00000000fde80000)
  to   space 29696K, 0% used [0x00000000fe200000,0x00000000fe200000,0x00000000fff00000)
 ParOldGen       total 247808K, used 148334K [0x00000000a0000000, 0x00000000af200000, 0x00000000e0000000)
  object space 247808K, 59% used [0x00000000a0000000,0x00000000a90dba18,0x00000000af200000)
 Metaspace       used 71997K, capacity 74874K, committed 76056K, reserved 1114112K
  class space    used 9584K, capacity 10198K, committed 10536K, reserved 1048576K
Event: 14.738 GC heap after
Heap after GC invocations=30 (full 4):
 PSYoungGen      total 492544K, used 11799K [0x00000000e0000000, 0x00000000ffd80000, 0x0000000100000000)
  eden space 464384K, 0% used [0x00000000e0000000,0x00000000e0000000,0x00000000fc580000)
  from space 28160K, 41% used [0x00000000fe200000,0x00000000fed85f70,0x00000000ffd80000)
  to   space 28672K, 0% used [0x00000000fc580000,0x00000000fc580000,0x00000000fe180000)
 ParOldGen       total 247808K, used 157169K [0x00000000a0000000, 0x00000000af200000, 0x00000000e0000000)
  object space 247808K, 63% used [0x00000000a0000000,0x00000000a997c670,0x00000000af200000)
 Metaspace       used 71997K, capacity 74874K, committed 76056K, reserved 1114112K
  class space    used 9584K, capacity 10198K, committed 10536K, reserved 1048576K
}
Event: 15.537 GC heap before
{Heap before GC invocations=31 (full 4):
 PSYoungGen      total 492544K, used 476183K [0x00000000e0000000, 0x00000000ffd80000, 0x0000000100000000)
  eden space 464384K, 100% used [0x00000000e0000000,0x00000000fc580000,0x00000000fc580000)
  from space 28160K, 41% used [0x00000000fe200000,0x00000000fed85f70,0x00000000ffd80000)
  to   space 28672K, 0% used [0x00000000fc580000,0x00000000fc580000,0x00000000fe180000)
 ParOldGen       total 247808K, used 157169K [0x00000000a0000000, 0x00000000af200000, 0x00000000e0000000)
  object space 247808K, 63% used [0x00000000a0000000,0x00000000a997c670,0x00000000af200000)
 Metaspace       used 72131K, capacity 74962K, committed 76312K, reserved 1116160K
  class space    used 9593K, capacity 10202K, committed 10536K, reserved 1048576K
Event: 15.555 GC heap after
Heap after GC invocations=31 (full 4):
 PSYoungGen      total 493056K, used 9813K [0x00000000e0000000, 0x00000000fff80000, 0x0000000100000000)
  eden space 464384K, 0% used [0x00000000e0000000,0x00000000e0000000,0x00000000fc580000)
  from space 28672K, 34% used [0x00000000fc580000,0x00000000fcf15608,0x00000000fe180000)
  to   space 28160K, 0% used [0x00000000fe400000,0x00000000fe400000,0x00000000fff80000)
 ParOldGen       total 247808K, used 163062K [0x00000000a0000000, 0x00000000af200000, 0x00000000e0000000)
  object space 247808K, 65% used [0x00000000a0000000,0x00000000a9f3d8c0,0x00000000af200000)
 Metaspace       used 72131K, capacity 74962K, committed 76312K, reserved 1116160K
  class space    used 9593K, capacity 10202K, committed 10536K, reserved 1048576K
}
Event: 16.769 GC heap before
{Heap before GC invocations=32 (full 4):
 PSYoungGen      total 493056K, used 474197K [0x00000000e0000000, 0x00000000fff80000, 0x0000000100000000)
  eden space 464384K, 100% used [0x00000000e0000000,0x00000000fc580000,0x00000000fc580000)
  from space 28672K, 34% used [0x00000000fc580000,0x00000000fcf15608,0x00000000fe180000)
  to   space 28160K, 0% used [0x00000000fe400000,0x00000000fe400000,0x00000000fff80000)
 ParOldGen       total 247808K, used 163062K [0x00000000a0000000, 0x00000000af200000, 0x00000000e0000000)
  object space 247808K, 65% used [0x00000000a0000000,0x00000000a9f3d8c0,0x00000000af200000)
 Metaspace       used 72227K, capacity 75164K, committed 76312K, reserved 1116160K
  class space    used 9603K, capacity 10203K, committed 10536K, reserved 1048576K
Event: 16.783 GC heap after
Heap after GC invocations=32 (full 4):
 PSYoungGen      total 494592K, used 7699K [0x00000000e0000000, 0x00000000ffe80000, 0x0000000100000000)
  eden space 467456K, 0% used [0x00000000e0000000,0x00000000e0000000,0x00000000fc880000)
  from space 27136K, 28% used [0x00000000fe400000,0x00000000feb84f70,0x00000000ffe80000)
  to   space 27648K, 0% used [0x00000000fc880000,0x00000000fc880000,0x00000000fe380000)
 ParOldGen       total 247808K, used 169687K [0x00000000a0000000, 0x00000000af200000, 0x00000000e0000000)
  object space 247808K, 68% used [0x00000000a0000000,0x00000000aa5b5e58,0x00000000af200000)
 Metaspace       used 72227K, capacity 75164K, committed 76312K, reserved 1116160K
  class space    used 9603K, capacity 10203K, committed 10536K, reserved 1048576K
}
Event: 19.274 GC heap before
{Heap before GC invocations=33 (full 4):
 PSYoungGen      total 494592K, used 475155K [0x00000000e0000000, 0x00000000ffe80000, 0x0000000100000000)
  eden space 467456K, 100% used [0x00000000e0000000,0x00000000fc880000,0x00000000fc880000)
  from space 27136K, 28% used [0x00000000fe400000,0x00000000feb84f70,0x00000000ffe80000)
  to   space 27648K, 0% used [0x00000000fc880000,0x00000000fc880000,0x00000000fe380000)
 ParOldGen       total 247808K, used 169687K [0x00000000a0000000, 0x00000000af200000, 0x00000000e0000000)
  object space 247808K, 68% used [0x00000000a0000000,0x00000000aa5b5e58,0x00000000af200000)
 Metaspace       used 72893K, capacity 75848K, committed 76824K, reserved 1116160K
  class space    used 9673K, capacity 10259K, committed 10536K, reserved 1048576K
Event: 19.285 GC heap after
Heap after GC invocations=33 (full 4):
 PSYoungGen      total 495104K, used 18527K [0x00000000e0000000, 0x0000000100000000, 0x0000000100000000)
  eden space 467456K, 0% used [0x00000000e0000000,0x00000000e0000000,0x00000000fc880000)
  from space 27648K, 67% used [0x00000000fc880000,0x00000000fda97d00,0x00000000fe380000)
  to   space 28160K, 0% used [0x00000000fe480000,0x00000000fe480000,0x0000000100000000)
 ParOldGen       total 247808K, used 169695K [0x00000000a0000000, 0x00000000af200000, 0x00000000e0000000)
  object space 247808K, 68% used [0x00000000a0000000,0x00000000aa5b7e58,0x00000000af200000)
 Metaspace       used 72893K, capacity 75848K, committed 76824K, reserved 1116160K
  class space    used 9673K, capacity 10259K, committed 10536K, reserved 1048576K
}

